\BOOKMARK [0][-]{section*.1}{\376\377\000D\000e\000c\000l\000a\000r\000a\000t\000i\000o\000n\000\040\000o\000f\000\040\000A\000u\000t\000h\000o\000r\000s\000h\000i\000p}{}% 1
\BOOKMARK [0][-]{section*.2}{\376\377\000A\000b\000s\000t\000r\000a\000c\000t}{}% 2
\BOOKMARK [0][-]{section*.3}{\376\377\000A\000c\000k\000n\000o\000w\000l\000e\000d\000g\000e\000m\000e\000n\000t\000s}{}% 3
\BOOKMARK [0][-]{chapter.7}{\376\377\000I\000n\000t\000r\000o\000d\000u\000c\000t\000i\000o\000n}{}% 4
\BOOKMARK [1][-]{section.10}{\376\377\000B\000a\000s\000i\000c\000\040\000c\000o\000n\000c\000e\000p\000t\000s}{chapter.7}% 5
\BOOKMARK [1][-]{section.13}{\376\377\000C\000h\000a\000l\000l\000e\000n\000g\000e\000s}{chapter.7}% 6
\BOOKMARK [1][-]{section.15}{\376\377\000P\000r\000o\000p\000o\000s\000e\000d\000\040\000w\000o\000r\000k}{chapter.7}% 7
\BOOKMARK [1][-]{section.18}{\376\377\000P\000e\000r\000f\000o\000r\000m\000a\000n\000c\000e\000\040\000m\000e\000a\000s\000u\000r\000i\000n\000g}{chapter.7}% 8
\BOOKMARK [1][-]{section.20}{\376\377\000C\000o\000n\000t\000r\000i\000b\000u\000t\000i\000o\000n}{chapter.7}% 9
\BOOKMARK [1][-]{section.21}{\376\377\000T\000h\000e\000s\000i\000s\000\040\000o\000r\000g\000a\000n\000i\000z\000a\000t\000i\000o\000n}{chapter.7}% 10
\BOOKMARK [0][-]{chapter.22}{\376\377\000R\000e\000l\000a\000t\000e\000d\000\040\000w\000o\000r\000k}{}% 11
\BOOKMARK [1][-]{section.23}{\376\377\000A\000p\000p\000e\000a\000r\000a\000n\000c\000e\000\040\000d\000e\000s\000c\000r\000i\000p\000t\000o\000r\000s}{chapter.22}% 12
\BOOKMARK [1][-]{section.28}{\376\377\000M\000e\000t\000r\000i\000c\000\040\000l\000e\000a\000r\000n\000i\000n\000g}{chapter.22}% 13
\BOOKMARK [1][-]{section.32}{\376\377\000O\000t\000h\000e\000r\000\040\000m\000e\000t\000h\000o\000d\000s\000\040\000f\000o\000r\000\040\000R\000e\000-\000I\000D}{chapter.22}% 14
\BOOKMARK [1][-]{section.33}{\376\377\000S\000o\000m\000e\000\040\000s\000t\000a\000t\000e\000-\000o\000f\000-\000t\000h\000e\000-\000a\000r\000t\000\040\000w\000o\000r\000k\000s}{chapter.22}% 15
\BOOKMARK [0][-]{chapter.34}{\376\377\000D\000e\000s\000c\000r\000i\000p\000t\000o\000r\000s\000\040\000e\000x\000t\000r\000a\000c\000t\000i\000o\000n\000\040\000a\000n\000d\000\040\000d\000i\000m\000e\000n\000s\000i\000o\000n\000\040\000r\000e\000d\000u\000c\000t\000i\000o\000n}{}% 16
\BOOKMARK [1][-]{section.35}{\376\377\000C\000o\000l\000o\000r\000\040\000a\000n\000d\000\040\000t\000e\000x\000t\000u\000r\000a\000l\000\040\000f\000e\000a\000t\000u\000r\000e\000s}{chapter.34}% 17
\BOOKMARK [2][-]{subsection.36}{\376\377\000C\000o\000l\000o\000r\000\040\000h\000i\000s\000t\000o\000g\000r\000a\000m\000\040\000d\000e\000s\000c\000r\000i\000p\000t\000o\000r\000s\000\040\000o\000n\000\040\000d\000i\000f\000f\000e\000r\000e\000n\000t\000\040\000c\000o\000l\000o\000r\000\040\000s\000p\000a\000c\000e}{section.35}% 18
\BOOKMARK [2][-]{subsection.40}{\376\377\000L\000o\000c\000a\000l\000\040\000b\000i\000n\000a\000r\000y\000\040\000p\000a\000t\000t\000e\000r\000n\000\050\000L\000B\000P\000\051}{section.35}% 19
\BOOKMARK [2][-]{subsection.43}{\376\377\000H\000i\000s\000t\000o\000g\000r\000a\000m\000\040\000o\000f\000\040\000o\000r\000i\000e\000n\000t\000e\000d\000\040\000g\000r\000a\000d\000i\000e\000n\000t\000s\000\050\000H\000O\000G\000\051}{section.35}% 20
\BOOKMARK [1][-]{section.47}{\376\377\000I\000n\000f\000l\000u\000e\000n\000c\000e\000\040\000o\000f\000\040\000b\000a\000c\000k\000g\000r\000o\000u\000n\000d\000\040\000s\000e\000g\000m\000e\000n\000t\000a\000t\000i\000o\000n\000\040\000o\000n\000\040\000d\000i\000f\000f\000e\000r\000e\000n\000t\000\040\000d\000e\000s\000c\000r\000i\000p\000t\000o\000r\000s}{chapter.34}% 21
\BOOKMARK [1][-]{section.51}{\376\377\000T\000h\000e\000\040\000h\000i\000e\000r\000a\000r\000c\000h\000i\000c\000a\000l\000\040\000g\000a\000u\000s\000s\000i\000a\000n\000\040\000d\000e\000s\000c\000r\000i\000p\000t\000o\000r}{chapter.34}% 22
\BOOKMARK [2][-]{subsection.52}{\376\377\000S\000i\000n\000g\000l\000e\000\040\000p\000i\000x\000e\000l\000\040\000m\000o\000d\000e\000l\000l\000i\000n\000g}{section.51}% 23
\BOOKMARK [2][-]{subsection.59}{\376\377\000I\000n\000t\000e\000g\000r\000a\000l\000\040\000i\000m\000a\000g\000e\000\040\000f\000o\000r\000\040\000f\000a\000s\000t\000\040\000r\000e\000g\000i\000o\000n\000\040\000c\000o\000v\000a\000r\000i\000a\000n\000c\000e\000\040\000c\000o\000m\000p\000u\000t\000a\000t\000i\000o\000n}{section.51}% 24
\BOOKMARK [2][-]{subsection.66}{\376\377\000R\000i\000e\000m\000a\000n\000n\000i\000a\000n\000\040\000m\000a\000n\000i\000f\000o\000l\000d\000\040\000b\000a\000s\000e\000d\000\040\000S\000P\000D\000\040\000t\000r\000a\000n\000s\000f\000o\000r\000m\000a\000t\000i\000o\000n}{section.51}% 25
\BOOKMARK [1][-]{section.71}{\376\377\000K\000e\000r\000n\000e\000l\000\040\000f\000i\000s\000h\000e\000r\000\040\000d\000i\000s\000c\000r\000i\000m\000i\000n\000a\000n\000t\000\040\000a\000n\000a\000l\000y\000s\000i\000s}{chapter.34}% 26
\BOOKMARK [2][-]{subsection.72}{\376\377\000F\000i\000s\000h\000e\000r\000\040\000d\000i\000s\000c\000r\000i\000m\000i\000n\000a\000n\000t\000\040\000a\000n\000a\000l\000y\000s\000i\000s\000\040\000\050\000F\000D\000A\000\051}{section.71}% 27
\BOOKMARK [2][-]{subsection.80}{\376\377\000L\000o\000c\000a\000l\000i\000t\000y\000\040\000p\000r\000e\000s\000e\000r\000v\000i\000n\000g\000\040\000p\000r\000o\000j\000e\000c\000t\000i\000o\000n\000\040\000\050\000L\000P\000P\000\051}{section.71}% 28
\BOOKMARK [2][-]{subsection.84}{\376\377\000L\000o\000c\000a\000l\000\040\000f\000i\000s\000h\000e\000r\000\040\000d\000i\000s\000c\000r\000i\000m\000i\000n\000a\000n\000t\000\040\000a\000n\000a\000l\000y\000s\000i\000s}{section.71}% 29
\BOOKMARK [2][-]{subsection.88}{\376\377\000K\000e\000r\000n\000e\000l\000\040\000l\000o\000c\000a\000l\000\040\000f\000i\000s\000h\000e\000r\000\040\000d\000i\000s\000c\000r\000i\000m\000i\000n\000a\000n\000t\000\040\000a\000n\000a\000l\000y\000s\000i\000s\000\050\000K\000L\000F\000D\000A\000\051}{section.71}% 30
\BOOKMARK [0][-]{chapter.108}{\376\377\000M\000e\000t\000r\000i\000c\000\040\000l\000e\000a\000r\000n\000i\000n\000g\000\040\000o\000n\000\040\000s\000u\000b\000s\000p\000a\000c\000e}{}% 31
\BOOKMARK [1][-]{section.109}{\376\377\000M\000a\000h\000a\000l\000a\000n\000o\000b\000i\000s\000\040\000d\000i\000s\000t\000a\000n\000c\000e}{chapter.108}% 32
\BOOKMARK [1][-]{section.112}{\376\377\000G\000r\000a\000d\000i\000e\000n\000t\000\040\000d\000e\000s\000c\000e\000n\000t\000\040\000o\000p\000t\000i\000m\000i\000z\000a\000t\000i\000o\000n}{chapter.108}% 33
\BOOKMARK [1][-]{section.117}{\376\377\000M\000e\000t\000r\000i\000c\000\040\000l\000e\000a\000r\000n\000i\000n\000g\000\040\000b\000a\000s\000e\000d\000\040\000o\000n\000\040\000s\000a\000m\000p\000l\000e\000\040\000p\000a\000i\000r\000s\000\040\000d\000i\000s\000t\000a\000n\000c\000e\000\040\000c\000o\000m\000p\000a\000r\000i\000s\000o\000n}{chapter.108}% 34
\BOOKMARK [0][-]{chapter.126}{\376\377\000E\000x\000p\000e\000r\000i\000m\000e\000n\000t\000\040\000S\000e\000t\000t\000i\000n\000g\000s}{}% 35
\BOOKMARK [1][-]{section.127}{\376\377\000D\000a\000t\000a\000s\000e\000t\000s\000\040\000a\000n\000d\000\040\000e\000v\000a\000l\000u\000a\000t\000i\000o\000n\000\040\000s\000e\000t\000t\000i\000n\000g\000s}{chapter.126}% 36
\BOOKMARK [1][-]{section.129}{\376\377\000T\000h\000e\000\040\000i\000n\000f\000l\000u\000e\000n\000c\000e\000\040\000o\000f\000\040\000m\000e\000a\000n\000\040\000r\000e\000m\000o\000v\000a\000l\000\040\000a\000n\000d\000\040\000L\0002\000\040\000n\000o\000r\000m\000a\000l\000i\000z\000a\000t\000i\000o\000n}{chapter.126}% 37
\BOOKMARK [1][-]{section.135}{\376\377\000P\000a\000r\000a\000m\000e\000t\000e\000r\000s\000\040\000s\000e\000t\000t\000i\000n\000g}{chapter.126}% 38
\BOOKMARK [1][-]{section.139}{\376\377\000R\000e\000s\000u\000l\000t\000s\000\040\000a\000n\000d\000\040\000e\000x\000p\000e\000r\000i\000m\000e\000n\000t\000\040\000a\000n\000a\000l\000y\000s\000i\000s}{chapter.126}% 39
\BOOKMARK [0][-]{chapter.150}{\376\377\000C\000o\000n\000c\000l\000u\000s\000i\000o\000n}{}% 40
\BOOKMARK [0][-]{chapter*.151}{\376\377\000B\000i\000b\000l\000i\000o\000g\000r\000a\000p\000h\000y}{}% 41
